Chr2:201038289-201038425_hsSUB
Chr5:171004243-171004380_hsSUB
Chr10:23485296-23485433_hsSUB
Chr2:71929741-71929877_hsSUB
Chr16:89061711-89061848_hsSUB
Chr11:114064731-114064868_hsSUB
Chr6:42515916-42516052_hsSUB
Chr1:204547827-204547963_hsSUB
Chr10:119507653-119507789_hsSUB
Chr2:178627579-178627715_hsSUB
Chr16:50485585-50485721_hsSUB
Chr15:63305380-63305517_hsSUB
Chr2:71929762-71929899_hsSUB
Chr18:47253628-47253765_hsSUB
Chr11:2032647-2032783_hsSUB
Chr18:47253623-47253759_hsSUB
Chr5:3092714-3092850_hsSUB
Chr22:49441397-49441534_hsSUB
Chr5:169371281-169371418_hsSUB
Chr3:193615208-193615345_hsSUB
Chr2:237848392-237848529_hsSUB
Chr18:54578287-54578423_hsSUB
Chr1:204591531-204591668_hsSUB
Chr16:84957755-84957892_hsSUB
Chr3:5036713-5036849_hsSUB
Chr10:21286154-21286291_hsSUB
Chr2:239777067-239777203_hsSUB
Chr8:126267174-126267310_hsSUB
Chr2:236508256-236508392_hsSUB
Chr20:22804430-22804566_hsSUB
Chr22:49548961-49549097_hsSUB
Chr9:1045481-1045618_hsSUB
Chr1:204591524-204591661_hsSUB
Chr7:1291779-1291915_hsSUB
Chr11:125250275-125250412_hsSUB
Chr3:8596018-8596154_hsSUB
Chr8:38794264-38794400_hsSUB
Chr4:4379626-4379762_hsSUB
Chr2:150948499-150948635_hsSUB
Chr3:193615099-193615235_hsSUB
Chr11:125253099-125253235_hsSUB
Chr20:55669406-55669542_hsSUB
Chr9:1045475-1045612_hsSUB
Chr9:1045479-1045616_hsSUB
Chr2:174863117-174863253_hsSUB
Chr6:151365977-151366113_hsSUB
Chr8:1045370-1045506_hsSUB
Chr6:1634714-1634851_hsSUB
Chr1:14391674-14391810_hsSUB
Chr4:185322973-185323109_hsSUB
ChrX:99650365-99650501_hsSUB
Chr12:12735999-12736135_hsSUB
Chr15:29369123-29369260_hsSUB
ChrX:123899564-123899701_hsSUB
Chr12:43585734-43585871_hsSUB
Chr10:12543376-12543512_hsSUB
Chr4:67913256-67913392_hsSUB
Chr6:151482081-151482217_hsSUB
Chr14:99170853-99170989_hsSUB
Chr6:151482097-151482233_hsSUB
Chr17:2862538-2862674_hsSUB
Chr10:1200545-1200681_hsSUB
Chr9:98932955-98933095_NoSUBsCnTrl
Chr20:43274887-43275023_hsSUB
Chr16:13837330-13837467_hsSUB
Chr11:69235389-69235525_hsSUB
Chr13:104518551-104518687_hsSUB
Chr4:185041543-185041679_hsSUB
Chr2:237848396-237848532_hsSUB
Chr21:44821394-44821530_hsSUB
Chr15:90604672-90604809_hsSUB
Chr12:6479860-6479997_hsSUB
Chr22:49405869-49406006_hsSUB
Chr10:73298761-73298897_hsSUB
Chr7:73306100-73306237_hsSUB
Chr3:193879168-193879304_hsSUB
Chr1:15323381-15323517_hsSUB
Chr9:1045491-1045628_hsSUB
Chr9:135062754-135062891_hsSUB
Chr5:152895151-152895287_hsSUB
Chr1:14391675-14391812_hsSUB
Chr15:32392255-32392392_hsSUB
Chr9:135056374-135056510_hsSUB
Chr5:171004331-171004468_hsSUB
Chr2:66023759-66023896_hsSUB
Chr17:77823719-77823856_hsSUB
Chr7:127755497-127755634_hsSUB
Chr6:1733673-1733809_hsSUB
Chr4:185322973-185323110_hsSUB
Chr5:169373257-169373393_hsSUB
Chr4:4379596-4379733_hsSUB
Chr11:76289892-76290028_hsSUB
Chr6:151482088-151482225_hsSUB
Chr1:48026822-48026959_hsSUB
Chr8:29481768-29481905_hsSUB
Chr3:159877001-159877138_hsSUB
Chr15:86607729-86607866_hsSUB
Chr11:48046309-48046445_hsSUB
ChrX:74829381-74829517_hsSUB
Chr16:88564325-88564462_hsSUB
Chr1:22537673-22537809_hsSUB
Chr17:81131350-81131486_hsSUB
Chr2:86180619-86180755_hsSUB
Chr5:2169327-2169464_hsSUB
Chr5:171004297-171004434_hsSUB
Chr12:6194068-6194204_hsSUB
Chr7:121954954-121955091_hsSUB
Chr4:37914205-37914342_hsSUB
Chr1:9397940-9398076_hsSUB
Chr10:119507689-119507825_hsSUB
Chr3:138694193-138694329_hsSUB
Chr3:70655267-70655404_hsSUB
Chr5:171004294-171004431_hsSUB
Chr16:13837309-13837446_hsSUB
Chr16:13837311-13837447_hsSUB
Chr13:25243539-25243675_hsSUB
Chr10:122722869-122723005_hsSUB
ChrX:31724621-31724757_hsSUB
Chr2:237848422-237848559_hsSUB
Chr17:76365256-76365393_hsSUB
Chr5:171004286-171004422_hsSUB
Chr13:44619430-44619566_hsSUB
Chr10:24219625-24219761_hsSUB
Chr5:171004245-171004381_hsSUB
Chr17:71286551-71286687_hsSUB
Chr3:193615141-193615278_hsSUB
Chr20:30425233-30425370_hsSUB
Chr14:69471455-69471595_NoSUBsCnTrl
Chr6:39043943-39044080_hsSUB
Chr15:32392283-32392419_hsSUB
Chr4:185041580-185041717_hsSUB
Chr16:78991474-78991611_hsSUB
Chr13:44619430-44619567_hsSUB
Chr21:44821388-44821525_hsSUB
Chr1:201153755-201153891_hsSUB
Chr22:49511778-49511915_hsSUB
Chr3:128266640-128266776_hsSUB
Chr18:47253659-47253795_hsSUB
Chr16:27719169-27719305_hsSUB
Chr8:32785382-32785519_hsSUB
Chr5:177811407-177811544_hsSUB
Chr14:99170846-99170982_hsSUB
Chr2:237010062-237010198_hsSUB
Chr9:1045494-1045631_hsSUB
Chr1:210464522-210464658_hsSUB
Chr14:56406474-56406610_hsSUB
Chr16:84396370-84396506_hsSUB
Chr1:204591535-204591671_hsSUB
Chr5:2169338-2169475_hsSUB
Chr8:3850318-3850455_hsSUB
Chr9:78165683-78165820_hsSUB
Chr11:69236845-69236981_hsSUB
Chr1:22580803-22580939_hsSUB
Chr2:74968550-74968686_hsSUB
Chr16:89061711-89061847_hsSUB
Chr9:136994973-136995109_hsSUB
Chr18:60903921-60904057_hsSUB
Chr7:121955040-121955177_hsSUB
Chr10:71601884-71602020_hsSUB
Chr10:122722825-122722961_hsSUB
Chr10:12543475-12543611_hsSUB
Chr3:4774756-4774893_hsSUB
Chr16:55023392-55023529_hsSUB
Chr5:158406828-158406964_hsSUB
Chr2:10344730-10344867_hsSUB
Chr5:171004302-171004439_hsSUB
Chr8:1046298-1046434_hsSUB
Chr18:47253610-47253747_hsSUB
Chr12:89743720-89743856_hsSUB
Chr16:57118309-57118445_hsSUB
Chr8:1045417-1045554_hsSUB
Chr2:26992049-26992186_hsSUB
Chr4:6962920-6963056_hsSUB
Chr9:101759289-101759425_hsSUB
Chr5:171004246-171004383_hsSUB
Chr9:1045484-1045620_hsSUB
Chr1:22531713-22531849_hsSUB
Chr5:31119256-31119392_hsSUB
Chr8:57778797-57778934_hsSUB
Chr14:101834707-101834843_hsSUB
Chr3:10592534-10592671_hsSUB
Chr20:1954687-1954824_hsSUB
Chr2:237848386-237848522_hsSUB
Chr13:97505668-97505805_hsSUB
Chr7:1293591-1293728_hsSUB
Chr20:4742365-4742501_hsSUB
Chr3:194779843-194779979_hsSUB
Chr14:56406455-56406591_hsSUB
Chr6:167047530-167047666_hsSUB
Chr8:126591811-126591947_hsSUB
Chr5:1017541-1017677_hsSUB
Chr1:204591477-204591613_hsSUB
Chr20:56010811-56010948_hsSUB
Chr7:13056448-13056585_hsSUB
Chr9:1045478-1045615_hsSUB
Chr10:13999185-13999321_hsSUB
Chr17:2251284-2251420_hsSUB
Chr5:171004293-171004429_hsSUB
Chr20:30425209-30425345_hsSUB
Chr2:237010039-237010175_hsSUB
Chr2:66024858-66024994_hsSUB
Chr12:43585753-43585889_hsSUB
Chr5:155860989-155861126_hsSUB
Chr9:1045478-1045614_hsSUB
Chr7:127755544-127755680_hsSUB
Chr9:130812263-130812399_hsSUB
Chr17:59447003-59447139_hsSUB
Chr5:148294741-148294878_hsSUB
Chr12:32356401-32356537_hsSUB
Chr5:171004251-171004388_hsSUB
Chr5:2515554-2515690_hsSUB
Chr1:33195798-33195935_hsSUB
Chr7:127755514-127755650_hsSUB
Chr22:40090355-40090491_hsSUB
Chr1:192444714-192444850_hsSUB
Chr20:30425278-30425415_hsSUB
Chr3:14503019-14503155_hsSUB
Chr9:116711638-116711774_hsSUB
Chr6:52460213-52460349_hsSUB
Chr13:49168738-49168874_hsSUB
Chr5:158936159-158936295_hsSUB
Chr16:61106104-61106240_hsSUB
Chr1:94167312-94167448_hsSUB
Chr10:88004069-88004206_hsSUB
Chr1:15225712-15225848_hsSUB
Chr6:42515864-42516000_hsSUB
Chr13:97505679-97505815_hsSUB
Chr13:25243578-25243715_hsSUB
Chr5:149911513-149911650_hsSUB
Chr8:29481769-29481906_hsSUB
Chr9:78165689-78165825_hsSUB
Chr10:72260213-72260349_hsSUB
Chr22:40102568-40102705_hsSUB
Chr18:47253649-47253786_hsSUB
Chr5:171004265-171004402_hsSUB
Chr2:10610576-10610712_hsSUB
Chr16:66936682-66936818_hsSUB
Chr20:1954648-1954784_hsSUB
Chr3:4774722-4774858_hsSUB
Chr5:171004268-171004405_hsSUB
Chr7:158611641-158611777_hsSUB
Chr11:69545655-69545791_hsSUB
Chr16:3922622-3922758_hsSUB
Chr4:7173053-7173190_hsSUB
Chr8:97055987-97056123_hsSUB
Chr5:2169300-2169437_hsSUB
Chr3:194926158-194926295_hsSUB
Chr22:39575395-39575532_hsSUB
Chr7:13056450-13056586_hsSUB
Chr20:62049310-62049446_hsSUB
Chr3:8595961-8596098_hsSUB
Chr7:36088606-36088743_hsSUB
Chr5:2169355-2169491_hsSUB
Chr21:44821384-44821520_hsSUB
Chr4:85403071-85403207_hsSUB
Chr14:94229972-94230108_hsSUB
Chr13:49168752-49168889_hsSUB
Chr17:77823711-77823848_hsSUB
Chr16:13837329-13837466_hsSUB
Chr7:1291753-1291890_hsSUB
Chr2:20683806-20683943_hsSUB
Chr1:14391677-14391813_hsSUB
Chr2:208983875-208984011_hsSUB
Chr5:158454519-158454655_hsSUB
Chr10:119507670-119507807_hsSUB
Chr13:44619452-44619589_hsSUB
Chr14:75033076-75033212_hsSUB
Chr10:133116639-133116775_hsSUB
Chr3:4774742-4774879_hsSUB
Chr10:72951591-72951728_hsSUB
Chr4:40674992-40675128_hsSUB
Chr3:194926146-194926282_hsSUB
Chr6:39043946-39044082_hsSUB
Chr7:151521977-151522114_hsSUB
Chr9:129432659-129432796_hsSUB
Chr10:133485094-133485230_hsSUB
Chr12:1669450-1669587_hsSUB
Chr10:122722846-122722983_hsSUB
Chr9:1045474-1045610_hsSUB
Chr14:47158163-47158300_hsSUB
Chr8:29481770-29481906_hsSUB
Chr1:22464905-22465042_hsSUB
Chr10:5601569-5601705_hsSUB
Chr10:119507632-119507769_hsSUB
Chr11:113906930-113907066_hsSUB
Chr4:8899655-8899791_hsSUB
Chr5:148294791-148294927_hsSUB
Chr10:133483545-133483681_hsSUB
Chr13:25243536-25243673_hsSUB
Chr15:67029893-67030029_hsSUB
Chr17:19998695-19998831_hsSUB
Chr17:6655894-6656030_hsSUB
Chr18:54578283-54578420_hsSUB
Chr14:60798387-60798523_hsSUB
Chr18:54578285-54578421_hsSUB
Chr3:5917090-5917226_hsSUB
Chr12:117529026-117529162_hsSUB
Chr17:32256201-32256337_hsSUB
Chr1:33195730-33195867_hsSUB
Chr6:43845948-43846084_hsSUB
Chr2:237848397-237848534_hsSUB
Chr18:59617182-59617318_hsSUB
Chr6:39043942-39044078_hsSUB
Chr5:14259154-14259291_hsSUB
Chr8:5207515-5207652_hsSUB
Chr14:101660373-101660509_hsSUB
Chr22:49548988-49549125_hsSUB
Chr2:237848390-237848527_hsSUB
Chr18:54578285-54578422_hsSUB
ChrX:17434160-17434296_hsSUB
Chr14:94450754-94450890_hsSUB
Chr18:57020459-57020595_hsSUB
Chr1:50896162-50896298_hsSUB
Chr16:72979720-72979856_hsSUB
Chr18:47253599-47253735_hsSUB
Chr8:29481780-29481916_hsSUB
Chr5:167757798-167757934_hsSUB
Chr17:77967358-77967494_hsSUB
Chr1:9387119-9387256_hsSUB
Chr3:70655308-70655444_hsSUB
Chr2:44314160-44314296_hsSUB
Chr10:72260198-72260335_hsSUB
Chr1:28431901-28432037_hsSUB
Chr15:86417260-86417396_hsSUB
Chr11:60552954-60553091_hsSUB
Chr2:134962566-134962702_hsSUB
Chr11:125250270-125250407_hsSUB
Chr16:13837332-13837469_hsSUB
Chr9:78165695-78165832_hsSUB
Chr19:34218670-34218806_hsSUB
Chr10:133116646-133116783_hsSUB
Chr1:226767095-226767231_hsSUB
Chr3:4774764-4774900_hsSUB
Chr20:57073298-57073434_hsSUB
Chr5:155860953-155861089_hsSUB
Chr2:112374071-112374207_hsSUB
Chr1:214366482-214366618_hsSUB
Chr11:130965588-130965725_hsSUB
Chr21:47501721-47501857_hsSUB
Chr5:2169344-2169481_hsSUB
Chr2:43195303-43195439_hsSUB
Chr1:22582076-22582212_hsSUB
Chr2:190306139-190306275_hsSUB
Chr6:15951093-15951229_hsSUB
Chr9:119131121-119131257_hsSUB
Chr13:97505659-97505795_hsSUB
Chr11:2553210-2553346_hsSUB
Chr22:39801925-39802061_hsSUB
Chr14:76378289-76378425_hsSUB
Chr9:1045480-1045617_hsSUB
Chr13:25243535-25243671_hsSUB
Chr1:204591502-204591639_hsSUB
Chr10:71499416-71499552_hsSUB
Chr1:50710169-50710306_hsSUB
Chr8:8144203-8144340_hsSUB
Chr18:47253640-47253777_hsSUB
Chr9:133870339-133870475_hsSUB
Chr1:47916387-47916523_hsSUB
Chr16:87840492-87840628_hsSUB
Chr14:103217777-103217913_hsSUB
Chr14:80280283-80280419_hsSUB
Chr10:121173128-121173265_hsSUB
Chr4:186741775-186741911_hsSUB
Chr2:237848399-237848535_hsSUB
Chr5:3605891-3606027_hsSUB
Chr17:59447060-59447196_hsSUB
Chr10:23485319-23485455_hsSUB
Chr8:29481774-29481911_hsSUB
Chr9:119131179-119131316_hsSUB
Chr12:2651574-2651710_hsSUB
Chr1:33195791-33195927_hsSUB
Chr16:66933337-66933473_hsSUB
ChrX:20725563-20725699_hsSUB
Chr9:129412451-129412587_hsSUB
Chr11:74886000-74886136_hsSUB
Chr18:47253637-47253774_hsSUB
Chr9:129429699-129429835_hsSUB
Chr6:1733668-1733805_hsSUB
Chr6:6928230-6928366_hsSUB
Chr18:54578283-54578419_hsSUB
Chr16:66410946-66411083_hsSUB
Chr16:13837308-13837445_hsSUB
Chr6:1634735-1634872_hsSUB
Chr5:2169290-2169427_hsSUB
Chr4:186741777-186741914_hsSUB
Chr12:1669460-1669597_hsSUB
Chr20:45414138-45414275_hsSUB
Chr15:32389530-32389666_hsSUB
Chr3:194469964-194470101_hsSUB
Chr14:99170849-99170986_hsSUB
Chr5:179595943-179596080_hsSUB
Chr2:137003888-137004024_hsSUB
Chr15:89259830-89259966_hsSUB
Chr11:69235434-69235571_hsSUB
Chr12:1693693-1693829_hsSUB
Chr10:35781872-35782008_hsSUB
Chr9:1045506-1045642_hsSUB
Chr7:1294854-1294990_hsSUB
Chr16:84396361-84396498_hsSUB
Chr16:87840063-87840199_hsSUB
Chr2:237947952-237948089_hsSUB
Chr4:7173151-7173288_hsSUB
Chr16:57118335-57118472_hsSUB
Chr22:50346081-50346217_hsSUB
Chr4:67913235-67913372_hsSUB
Chr14:47158165-47158301_hsSUB
Chr3:194926202-194926339_hsSUB
Chr20:4135855-4135991_hsSUB
Chr8:1045401-1045538_hsSUB
Chr7:39226212-39226348_hsSUB
Chr6:151482110-151482247_hsSUB
Chr14:101947015-101947151_hsSUB
Chr10:7588139-7588275_hsSUB
Chr20:56010874-56011010_hsSUB
Chr16:88564324-88564461_hsSUB
Chr5:115962278-115962415_hsSUB
Chr6:151482108-151482245_hsSUB
Chr17:2862575-2862712_hsSUB
Chr5:148294739-148294876_hsSUB
Chr5:1017547-1017684_hsSUB
Chr2:201038289-201038425_hsSUB_Chimp
Chr5:171004243-171004380_hsSUB_Chimp
Chr10:23485296-23485433_hsSUB_Chimp
Chr2:71929741-71929877_hsSUB_Chimp
Chr16:89061711-89061848_hsSUB_Chimp
Chr11:114064731-114064868_hsSUB_Chimp
Chr6:42515916-42516052_hsSUB_Chimp
Chr1:204547827-204547963_hsSUB_Chimp
Chr10:119507653-119507789_hsSUB_Chimp
Chr2:178627579-178627715_hsSUB_Chimp
Chr16:50485585-50485721_hsSUB_Chimp
Chr15:63305380-63305517_hsSUB_Chimp
Chr2:71929762-71929899_hsSUB_Chimp
Chr18:47253628-47253765_hsSUB_Chimp
Chr11:2032647-2032783_hsSUB_Chimp
Chr18:47253623-47253759_hsSUB_Chimp
Chr5:3092714-3092850_hsSUB_Chimp
Chr22:49441397-49441534_hsSUB_Chimp
Chr5:169371281-169371418_hsSUB_Chimp
Chr3:193615208-193615345_hsSUB_Chimp
Chr2:237848392-237848529_hsSUB_Chimp
Chr18:54578287-54578423_hsSUB_Chimp
Chr1:204591531-204591668_hsSUB_Chimp
Chr16:84957755-84957892_hsSUB_Chimp
Chr3:5036713-5036849_hsSUB_Chimp
Chr10:21286154-21286291_hsSUB_Chimp
Chr2:239777067-239777203_hsSUB_Chimp
Chr8:126267174-126267310_hsSUB_Chimp
Chr2:236508256-236508392_hsSUB_Chimp
Chr20:22804430-22804566_hsSUB_Chimp
Chr22:49548961-49549097_hsSUB_Chimp
Chr9:1045481-1045618_hsSUB_Chimp
Chr1:204591524-204591661_hsSUB_Chimp
Chr7:1291779-1291915_hsSUB_Chimp
Chr11:125250275-125250412_hsSUB_Chimp
Chr3:8596018-8596154_hsSUB_Chimp
Chr8:38794264-38794400_hsSUB_Chimp
Chr4:4379626-4379762_hsSUB_Chimp
Chr2:150948499-150948635_hsSUB_Chimp
Chr3:193615099-193615235_hsSUB_Chimp
Chr11:125253099-125253235_hsSUB_Chimp
Chr20:55669406-55669542_hsSUB_Chimp
Chr9:1045475-1045612_hsSUB_Chimp
Chr9:1045479-1045616_hsSUB_Chimp
Chr2:174863117-174863253_hsSUB_Chimp
Chr6:151365977-151366113_hsSUB_Chimp
Chr8:1045370-1045506_hsSUB_Chimp
Chr6:1634714-1634851_hsSUB_Chimp
Chr1:14391674-14391810_hsSUB_Chimp
Chr4:185322973-185323109_hsSUB_Chimp
ChrX:99650365-99650501_hsSUB_Chimp
Chr12:12735999-12736135_hsSUB_Chimp
Chr15:29369123-29369260_hsSUB_Chimp
ChrX:123899564-123899701_hsSUB_Chimp
Chr12:43585734-43585871_hsSUB_Chimp
Chr10:12543376-12543512_hsSUB_Chimp
Chr4:67913256-67913392_hsSUB_Chimp
Chr6:151482081-151482217_hsSUB_Chimp
Chr14:99170853-99170989_hsSUB_Chimp
Chr6:151482097-151482233_hsSUB_Chimp
Chr17:2862538-2862674_hsSUB_Chimp
Chr10:1200545-1200681_hsSUB_Chimp
Chr9:98932955-98933095_NoSUBsCnTrl_Chimp
Chr20:43274887-43275023_hsSUB_Chimp
Chr16:13837330-13837467_hsSUB_Chimp
Chr11:69235389-69235525_hsSUB_Chimp
Chr13:104518551-104518687_hsSUB_Chimp
Chr4:185041543-185041679_hsSUB_Chimp
Chr2:237848396-237848532_hsSUB_Chimp
Chr21:44821394-44821530_hsSUB_Chimp
Chr15:90604672-90604809_hsSUB_Chimp
Chr12:6479860-6479997_hsSUB_Chimp
Chr22:49405869-49406006_hsSUB_Chimp
Chr10:73298761-73298897_hsSUB_Chimp
Chr7:73306100-73306237_hsSUB_Chimp
Chr3:193879168-193879304_hsSUB_Chimp
Chr1:15323381-15323517_hsSUB_Chimp
Chr9:1045491-1045628_hsSUB_Chimp
Chr9:135062754-135062891_hsSUB_Chimp
Chr5:152895151-152895287_hsSUB_Chimp
Chr1:14391675-14391812_hsSUB_Chimp
Chr15:32392255-32392392_hsSUB_Chimp
Chr9:135056374-135056510_hsSUB_Chimp
Chr5:171004331-171004468_hsSUB_Chimp
Chr2:66023759-66023896_hsSUB_Chimp
Chr17:77823719-77823856_hsSUB_Chimp
Chr7:127755497-127755634_hsSUB_Chimp
Chr6:1733673-1733809_hsSUB_Chimp
Chr4:185322973-185323110_hsSUB_Chimp
Chr5:169373257-169373393_hsSUB_Chimp
Chr4:4379596-4379733_hsSUB_Chimp
Chr11:76289892-76290028_hsSUB_Chimp
Chr6:151482088-151482225_hsSUB_Chimp
Chr1:48026822-48026959_hsSUB_Chimp
Chr8:29481768-29481905_hsSUB_Chimp
Chr3:159877001-159877138_hsSUB_Chimp
Chr15:86607729-86607866_hsSUB_Chimp
Chr11:48046309-48046445_hsSUB_Chimp
ChrX:74829381-74829517_hsSUB_Chimp
Chr16:88564325-88564462_hsSUB_Chimp
Chr1:22537673-22537809_hsSUB_Chimp
Chr17:81131350-81131486_hsSUB_Chimp
Chr2:86180619-86180755_hsSUB_Chimp
Chr5:2169327-2169464_hsSUB_Chimp
Chr5:171004297-171004434_hsSUB_Chimp
Chr12:6194068-6194204_hsSUB_Chimp
Chr7:121954954-121955091_hsSUB_Chimp
Chr4:37914205-37914342_hsSUB_Chimp
Chr1:9397940-9398076_hsSUB_Chimp
Chr10:119507689-119507825_hsSUB_Chimp
Chr3:138694193-138694329_hsSUB_Chimp
Chr3:70655267-70655404_hsSUB_Chimp
Chr5:171004294-171004431_hsSUB_Chimp
Chr16:13837309-13837446_hsSUB_Chimp
Chr16:13837311-13837447_hsSUB_Chimp
Chr13:25243539-25243675_hsSUB_Chimp
Chr10:122722869-122723005_hsSUB_Chimp
ChrX:31724621-31724757_hsSUB_Chimp
Chr2:237848422-237848559_hsSUB_Chimp
Chr17:76365256-76365393_hsSUB_Chimp
Chr5:171004286-171004422_hsSUB_Chimp
Chr13:44619430-44619566_hsSUB_Chimp
Chr10:24219625-24219761_hsSUB_Chimp
Chr5:171004245-171004381_hsSUB_Chimp
Chr17:71286551-71286687_hsSUB_Chimp
Chr3:193615141-193615278_hsSUB_Chimp
Chr20:30425233-30425370_hsSUB_Chimp
Chr14:69471455-69471595_NoSUBsCnTrl_Chimp
Chr6:39043943-39044080_hsSUB_Chimp
Chr15:32392283-32392419_hsSUB_Chimp
Chr4:185041580-185041717_hsSUB_Chimp
Chr16:78991474-78991611_hsSUB_Chimp
Chr13:44619430-44619567_hsSUB_Chimp
Chr21:44821388-44821525_hsSUB_Chimp
Chr1:201153755-201153891_hsSUB_Chimp
Chr22:49511778-49511915_hsSUB_Chimp
Chr3:128266640-128266776_hsSUB_Chimp
Chr18:47253659-47253795_hsSUB_Chimp
Chr16:27719169-27719305_hsSUB_Chimp
Chr8:32785382-32785519_hsSUB_Chimp
Chr5:177811407-177811544_hsSUB_Chimp
Chr14:99170846-99170982_hsSUB_Chimp
Chr2:237010062-237010198_hsSUB_Chimp
Chr9:1045494-1045631_hsSUB_Chimp
Chr1:210464522-210464658_hsSUB_Chimp
Chr14:56406474-56406610_hsSUB_Chimp
Chr16:84396370-84396506_hsSUB_Chimp
Chr1:204591535-204591671_hsSUB_Chimp
Chr5:2169338-2169475_hsSUB_Chimp
Chr8:3850318-3850455_hsSUB_Chimp
Chr9:78165683-78165820_hsSUB_Chimp
Chr11:69236845-69236981_hsSUB_Chimp
Chr1:22580803-22580939_hsSUB_Chimp
Chr2:74968550-74968686_hsSUB_Chimp
Chr16:89061711-89061847_hsSUB_Chimp
Chr9:136994973-136995109_hsSUB_Chimp
Chr18:60903921-60904057_hsSUB_Chimp
Chr7:121955040-121955177_hsSUB_Chimp
Chr10:71601884-71602020_hsSUB_Chimp
Chr10:122722825-122722961_hsSUB_Chimp
Chr10:12543475-12543611_hsSUB_Chimp
Chr3:4774756-4774893_hsSUB_Chimp
Chr16:55023392-55023529_hsSUB_Chimp
Chr5:158406828-158406964_hsSUB_Chimp
Chr2:10344730-10344867_hsSUB_Chimp
Chr5:171004302-171004439_hsSUB_Chimp
Chr8:1046298-1046434_hsSUB_Chimp
Chr18:47253610-47253747_hsSUB_Chimp
Chr12:89743720-89743856_hsSUB_Chimp
Chr16:57118309-57118445_hsSUB_Chimp
Chr8:1045417-1045554_hsSUB_Chimp
Chr2:26992049-26992186_hsSUB_Chimp
Chr4:6962920-6963056_hsSUB_Chimp
Chr9:101759289-101759425_hsSUB_Chimp
Chr5:171004246-171004383_hsSUB_Chimp
Chr9:1045484-1045620_hsSUB_Chimp
Chr1:22531713-22531849_hsSUB_Chimp
Chr5:31119256-31119392_hsSUB_Chimp
Chr8:57778797-57778934_hsSUB_Chimp
Chr14:101834707-101834843_hsSUB_Chimp
Chr3:10592534-10592671_hsSUB_Chimp
Chr20:1954687-1954824_hsSUB_Chimp
Chr2:237848386-237848522_hsSUB_Chimp
Chr13:97505668-97505805_hsSUB_Chimp
Chr7:1293591-1293728_hsSUB_Chimp
Chr20:4742365-4742501_hsSUB_Chimp
Chr3:194779843-194779979_hsSUB_Chimp
Chr14:56406455-56406591_hsSUB_Chimp
Chr6:167047530-167047666_hsSUB_Chimp
Chr8:126591811-126591947_hsSUB_Chimp
Chr5:1017541-1017677_hsSUB_Chimp
Chr1:204591477-204591613_hsSUB_Chimp
Chr20:56010811-56010948_hsSUB_Chimp
Chr7:13056448-13056585_hsSUB_Chimp
Chr9:1045478-1045615_hsSUB_Chimp
Chr10:13999185-13999321_hsSUB_Chimp
Chr17:2251284-2251420_hsSUB_Chimp
Chr5:171004293-171004429_hsSUB_Chimp
Chr20:30425209-30425345_hsSUB_Chimp
Chr2:237010039-237010175_hsSUB_Chimp
Chr2:66024858-66024994_hsSUB_Chimp
Chr12:43585753-43585889_hsSUB_Chimp
Chr5:155860989-155861126_hsSUB_Chimp
Chr9:1045478-1045614_hsSUB_Chimp
Chr7:127755544-127755680_hsSUB_Chimp
Chr9:130812263-130812399_hsSUB_Chimp
Chr17:59447003-59447139_hsSUB_Chimp
Chr5:148294741-148294878_hsSUB_Chimp
Chr12:32356401-32356537_hsSUB_Chimp
Chr5:171004251-171004388_hsSUB_Chimp
Chr5:2515554-2515690_hsSUB_Chimp
Chr1:33195798-33195935_hsSUB_Chimp
Chr7:127755514-127755650_hsSUB_Chimp
Chr22:40090355-40090491_hsSUB_Chimp
Chr1:192444714-192444850_hsSUB_Chimp
Chr20:30425278-30425415_hsSUB_Chimp
Chr3:14503019-14503155_hsSUB_Chimp
Chr9:116711638-116711774_hsSUB_Chimp
Chr6:52460213-52460349_hsSUB_Chimp
Chr13:49168738-49168874_hsSUB_Chimp
Chr5:158936159-158936295_hsSUB_Chimp
Chr16:61106104-61106240_hsSUB_Chimp
Chr1:94167312-94167448_hsSUB_Chimp
Chr10:88004069-88004206_hsSUB_Chimp
Chr1:15225712-15225848_hsSUB_Chimp
Chr6:42515864-42516000_hsSUB_Chimp
Chr13:97505679-97505815_hsSUB_Chimp
Chr13:25243578-25243715_hsSUB_Chimp
Chr5:149911513-149911650_hsSUB_Chimp
Chr8:29481769-29481906_hsSUB_Chimp
Chr9:78165689-78165825_hsSUB_Chimp
Chr10:72260213-72260349_hsSUB_Chimp
Chr22:40102568-40102705_hsSUB_Chimp
Chr18:47253649-47253786_hsSUB_Chimp
Chr5:171004265-171004402_hsSUB_Chimp
Chr2:10610576-10610712_hsSUB_Chimp
Chr16:66936682-66936818_hsSUB_Chimp
Chr20:1954648-1954784_hsSUB_Chimp
Chr3:4774722-4774858_hsSUB_Chimp
Chr5:171004268-171004405_hsSUB_Chimp
Chr7:158611641-158611777_hsSUB_Chimp
Chr11:69545655-69545791_hsSUB_Chimp
Chr16:3922622-3922758_hsSUB_Chimp
Chr4:7173053-7173190_hsSUB_Chimp
Chr8:97055987-97056123_hsSUB_Chimp
Chr5:2169300-2169437_hsSUB_Chimp
Chr3:194926158-194926295_hsSUB_Chimp
Chr22:39575395-39575532_hsSUB_Chimp
Chr7:13056450-13056586_hsSUB_Chimp
Chr20:62049310-62049446_hsSUB_Chimp
Chr3:8595961-8596098_hsSUB_Chimp
Chr7:36088606-36088743_hsSUB_Chimp
Chr5:2169355-2169491_hsSUB_Chimp
Chr21:44821384-44821520_hsSUB_Chimp
Chr4:85403071-85403207_hsSUB_Chimp
Chr14:94229972-94230108_hsSUB_Chimp
Chr13:49168752-49168889_hsSUB_Chimp
Chr17:77823711-77823848_hsSUB_Chimp
Chr16:13837329-13837466_hsSUB_Chimp
Chr7:1291753-1291890_hsSUB_Chimp
Chr2:20683806-20683943_hsSUB_Chimp
Chr1:14391677-14391813_hsSUB_Chimp
Chr2:208983875-208984011_hsSUB_Chimp
Chr5:158454519-158454655_hsSUB_Chimp
Chr10:119507670-119507807_hsSUB_Chimp
Chr13:44619452-44619589_hsSUB_Chimp
Chr14:75033076-75033212_hsSUB_Chimp
Chr10:133116639-133116775_hsSUB_Chimp
Chr3:4774742-4774879_hsSUB_Chimp
Chr10:72951591-72951728_hsSUB_Chimp
Chr4:40674992-40675128_hsSUB_Chimp
Chr3:194926146-194926282_hsSUB_Chimp
Chr6:39043946-39044082_hsSUB_Chimp
Chr7:151521977-151522114_hsSUB_Chimp
Chr9:129432659-129432796_hsSUB_Chimp
Chr10:133485094-133485230_hsSUB_Chimp
Chr12:1669450-1669587_hsSUB_Chimp
Chr10:122722846-122722983_hsSUB_Chimp
Chr9:1045474-1045610_hsSUB_Chimp
Chr14:47158163-47158300_hsSUB_Chimp
Chr8:29481770-29481906_hsSUB_Chimp
Chr1:22464905-22465042_hsSUB_Chimp
Chr10:5601569-5601705_hsSUB_Chimp
Chr10:119507632-119507769_hsSUB_Chimp
Chr11:113906930-113907066_hsSUB_Chimp
Chr4:8899655-8899791_hsSUB_Chimp
Chr5:148294791-148294927_hsSUB_Chimp
Chr10:133483545-133483681_hsSUB_Chimp
Chr13:25243536-25243673_hsSUB_Chimp
Chr15:67029893-67030029_hsSUB_Chimp
Chr17:19998695-19998831_hsSUB_Chimp
Chr17:6655894-6656030_hsSUB_Chimp
Chr18:54578283-54578420_hsSUB_Chimp
Chr14:60798387-60798523_hsSUB_Chimp
Chr18:54578285-54578421_hsSUB_Chimp
Chr3:5917090-5917226_hsSUB_Chimp
Chr12:117529026-117529162_hsSUB_Chimp
Chr17:32256201-32256337_hsSUB_Chimp
Chr1:33195730-33195867_hsSUB_Chimp
Chr6:43845948-43846084_hsSUB_Chimp
Chr2:237848397-237848534_hsSUB_Chimp
Chr18:59617182-59617318_hsSUB_Chimp
Chr6:39043942-39044078_hsSUB_Chimp
Chr5:14259154-14259291_hsSUB_Chimp
Chr8:5207515-5207652_hsSUB_Chimp
Chr14:101660373-101660509_hsSUB_Chimp
Chr22:49548988-49549125_hsSUB_Chimp
Chr2:237848390-237848527_hsSUB_Chimp
Chr18:54578285-54578422_hsSUB_Chimp
ChrX:17434160-17434296_hsSUB_Chimp
Chr14:94450754-94450890_hsSUB_Chimp
Chr18:57020459-57020595_hsSUB_Chimp
Chr1:50896162-50896298_hsSUB_Chimp
Chr16:72979720-72979856_hsSUB_Chimp
Chr18:47253599-47253735_hsSUB_Chimp
Chr8:29481780-29481916_hsSUB_Chimp
Chr5:167757798-167757934_hsSUB_Chimp
Chr17:77967358-77967494_hsSUB_Chimp
Chr1:9387119-9387256_hsSUB_Chimp
Chr3:70655308-70655444_hsSUB_Chimp
Chr2:44314160-44314296_hsSUB_Chimp
Chr10:72260198-72260335_hsSUB_Chimp
Chr1:28431901-28432037_hsSUB_Chimp
Chr15:86417260-86417396_hsSUB_Chimp
Chr11:60552954-60553091_hsSUB_Chimp
Chr2:134962566-134962702_hsSUB_Chimp
Chr11:125250270-125250407_hsSUB_Chimp
Chr16:13837332-13837469_hsSUB_Chimp
Chr9:78165695-78165832_hsSUB_Chimp
Chr19:34218670-34218806_hsSUB_Chimp
Chr10:133116646-133116783_hsSUB_Chimp
Chr1:226767095-226767231_hsSUB_Chimp
Chr3:4774764-4774900_hsSUB_Chimp
Chr20:57073298-57073434_hsSUB_Chimp
Chr5:155860953-155861089_hsSUB_Chimp
Chr2:112374071-112374207_hsSUB_Chimp
Chr1:214366482-214366618_hsSUB_Chimp
Chr11:130965588-130965725_hsSUB_Chimp
Chr21:47501721-47501857_hsSUB_Chimp
Chr5:2169344-2169481_hsSUB_Chimp
Chr2:43195303-43195439_hsSUB_Chimp
Chr1:22582076-22582212_hsSUB_Chimp
Chr2:190306139-190306275_hsSUB_Chimp
Chr6:15951093-15951229_hsSUB_Chimp
Chr9:119131121-119131257_hsSUB_Chimp
Chr13:97505659-97505795_hsSUB_Chimp
Chr11:2553210-2553346_hsSUB_Chimp
Chr22:39801925-39802061_hsSUB_Chimp
Chr14:76378289-76378425_hsSUB_Chimp
Chr9:1045480-1045617_hsSUB_Chimp
Chr13:25243535-25243671_hsSUB_Chimp
Chr1:204591502-204591639_hsSUB_Chimp
Chr10:71499416-71499552_hsSUB_Chimp
Chr1:50710169-50710306_hsSUB_Chimp
Chr8:8144203-8144340_hsSUB_Chimp
Chr18:47253640-47253777_hsSUB_Chimp
Chr9:133870339-133870475_hsSUB_Chimp
Chr1:47916387-47916523_hsSUB_Chimp
Chr16:87840492-87840628_hsSUB_Chimp
Chr14:103217777-103217913_hsSUB_Chimp
Chr14:80280283-80280419_hsSUB_Chimp
Chr10:121173128-121173265_hsSUB_Chimp
Chr4:186741775-186741911_hsSUB_Chimp
Chr2:237848399-237848535_hsSUB_Chimp
Chr5:3605891-3606027_hsSUB_Chimp
Chr17:59447060-59447196_hsSUB_Chimp
Chr10:23485319-23485455_hsSUB_Chimp
Chr8:29481774-29481911_hsSUB_Chimp
Chr9:119131179-119131316_hsSUB_Chimp
Chr12:2651574-2651710_hsSUB_Chimp
Chr1:33195791-33195927_hsSUB_Chimp
Chr16:66933337-66933473_hsSUB_Chimp
ChrX:20725563-20725699_hsSUB_Chimp
Chr9:129412451-129412587_hsSUB_Chimp
Chr11:74886000-74886136_hsSUB_Chimp
Chr18:47253637-47253774_hsSUB_Chimp
Chr9:129429699-129429835_hsSUB_Chimp
Chr6:1733668-1733805_hsSUB_Chimp
Chr6:6928230-6928366_hsSUB_Chimp
Chr18:54578283-54578419_hsSUB_Chimp
Chr16:66410946-66411083_hsSUB_Chimp
Chr16:13837308-13837445_hsSUB_Chimp
Chr6:1634735-1634872_hsSUB_Chimp
Chr5:2169290-2169427_hsSUB_Chimp
Chr4:186741777-186741914_hsSUB_Chimp
Chr12:1669460-1669597_hsSUB_Chimp
Chr20:45414138-45414275_hsSUB_Chimp
Chr15:32389530-32389666_hsSUB_Chimp
Chr3:194469964-194470101_hsSUB_Chimp
Chr14:99170849-99170986_hsSUB_Chimp
Chr5:179595943-179596080_hsSUB_Chimp
Chr2:137003888-137004024_hsSUB_Chimp
Chr15:89259830-89259966_hsSUB_Chimp
Chr11:69235434-69235571_hsSUB_Chimp
Chr12:1693693-1693829_hsSUB_Chimp
Chr10:35781872-35782008_hsSUB_Chimp
Chr9:1045506-1045642_hsSUB_Chimp
Chr7:1294854-1294990_hsSUB_Chimp
Chr16:84396361-84396498_hsSUB_Chimp
Chr16:87840063-87840199_hsSUB_Chimp
Chr2:237947952-237948089_hsSUB_Chimp
Chr4:7173151-7173288_hsSUB_Chimp
Chr16:57118335-57118472_hsSUB_Chimp
Chr22:50346081-50346217_hsSUB_Chimp
Chr4:67913235-67913372_hsSUB_Chimp
Chr14:47158165-47158301_hsSUB_Chimp
Chr3:194926202-194926339_hsSUB_Chimp
Chr20:4135855-4135991_hsSUB_Chimp
Chr8:1045401-1045538_hsSUB_Chimp
Chr7:39226212-39226348_hsSUB_Chimp
Chr6:151482110-151482247_hsSUB_Chimp
Chr14:101947015-101947151_hsSUB_Chimp
Chr10:7588139-7588275_hsSUB_Chimp
Chr20:56010874-56011010_hsSUB_Chimp
Chr16:88564324-88564461_hsSUB_Chimp
Chr5:115962278-115962415_hsSUB_Chimp
Chr6:151482108-151482245_hsSUB_Chimp
Chr17:2862575-2862712_hsSUB_Chimp
Chr5:148294739-148294876_hsSUB_Chimp
Chr5:1017547-1017684_hsSUB_Chimp
